<?xml version="1.0" encoding="UTF-8"?>
<!-- Generated by org.testng.reporters.JUnitXMLReporter -->
<testsuite ignored="4" hostname="LTIN488147" failures="0" tests="2" name="myTest" time="0.076" errors="0" timestamp="2024-03-15T15:26:29 IST">
  <testcase classname="grouping_DataProvider.Grouping" name="loginbyfb" time="0.009"/>
  <testcase classname="grouping_DataProvider.Grouping" name="postinfb" time="0.001"/>
  <testcase classname="grouping_DataProvider.Grouping" name="logininsta" time="0.0">
    <ignored/>
  </testcase> <!-- logininsta -->
  <testcase classname="grouping_DataProvider.Grouping" name="logoutinsta" time="0.0">
    <ignored/>
  </testcase> <!-- logoutinsta -->
  <testcase classname="grouping_DataProvider.Grouping" name="postinsta" time="0.0">
    <ignored/>
  </testcase> <!-- postinsta -->
  <testcase classname="grouping_DataProvider.Grouping" name="logoutfb" time="0.0">
    <ignored/>
  </testcase> <!-- logoutfb -->
</testsuite> <!-- myTest -->
