<?xml version="1.0" encoding="UTF-8"?>
<!-- Generated by org.testng.reporters.JUnitXMLReporter -->
<testsuite ignored="0" hostname="LTIN488147" failures="0" tests="2" name="Test1" time="0.109" errors="0" timestamp="2024-03-19T10:33:12 IST">
  <testcase classname="parallel_testing.Pt" name="@BeforeClass setup" time="-1.710824592421E9">
    <failure type="org.testng.TestNGException" message="
Parameter &amp;apos;url&amp;apos; is required by BeforeClass on method setup but has not been marked @Optional or defined
in C:\Users\2318333\eclipse-workspace\testng\src\test\java\parallel_testing\testng.xml">
      <![CDATA[org.testng.TestNGException: 
Parameter 'url' is required by BeforeClass on method setup but has not been marked @Optional or defined
in C:\Users\2318333\eclipse-workspace\testng\src\test\java\parallel_testing\testng.xml
at java.base/java.util.ArrayList.forEach(ArrayList.java:1511)
at java.base/java.util.concurrent.FutureTask.run(FutureTask.java:264)
at java.base/java.util.concurrent.ThreadPoolExecutor.runWorker(ThreadPoolExecutor.java:1136)
at java.base/java.util.concurrent.ThreadPoolExecutor$Worker.run(ThreadPoolExecutor.java:635)
at java.base/java.lang.Thread.run(Thread.java:840)
... Removed 12 stack frames]]>
    </failure>
  </testcase> <!-- @BeforeClass setup -->
  <testcase classname="parallel_testing.Pt" name="@BeforeClass setup" time="-1.710824592421E9">
    <failure type="org.testng.TestNGException" message="
Parameter &amp;apos;url&amp;apos; is required by BeforeClass on method setup but has not been marked @Optional or defined
in C:\Users\2318333\eclipse-workspace\testng\src\test\java\parallel_testing\testng.xml">
      <![CDATA[org.testng.TestNGException: 
Parameter 'url' is required by BeforeClass on method setup but has not been marked @Optional or defined
in C:\Users\2318333\eclipse-workspace\testng\src\test\java\parallel_testing\testng.xml
at java.base/java.util.ArrayList.forEach(ArrayList.java:1511)
at java.base/java.util.concurrent.FutureTask.run(FutureTask.java:264)
at java.base/java.util.concurrent.ThreadPoolExecutor.runWorker(ThreadPoolExecutor.java:1136)
at java.base/java.util.concurrent.ThreadPoolExecutor$Worker.run(ThreadPoolExecutor.java:635)
at java.base/java.lang.Thread.run(Thread.java:840)
... Removed 12 stack frames]]>
    </failure>
  </testcase> <!-- @BeforeClass setup -->
  <testcase classname="parallel_testing.Pt" name="@AfterClass logout" time="0.0">
    <skipped/>
  </testcase> <!-- @AfterClass logout -->
  <testcase classname="parallel_testing.Pt" name="@AfterClass logout" time="0.0">
    <skipped/>
  </testcase> <!-- @AfterClass logout -->
  <testcase classname="parallel_testing.Pt" name="img" time="0.001">
    <skipped/>
  </testcase> <!-- img -->
  <testcase classname="parallel_testing.Pt" name="title" time="0.0">
    <skipped/>
  </testcase> <!-- title -->
</testsuite> <!-- Test1 -->
